<?xml version="1.0" encoding="UTF-8"?>
<!-- Generated by org.testng.reporters.JUnitXMLReporter -->
<testsuite hostname="Navnath" ignored="0" name="Default test" tests="4" failures="0" timestamp="03 Nov 2020 15:09:08 GMT" time="0.168" errors="0">
  <testcase name="adminModule1" time="0.012" classname="com.orangehrmlive.GroupTest"/>
  <testcase name="adminModule2" time="0.012" classname="com.orangehrmlive.GroupTest"/>
  <testcase name="leaveModule1" time="0.016" classname="com.orangehrmlive.GroupTest"/>
  <testcase name="leaveModule2" time="0.005" classname="com.orangehrmlive.GroupTest"/>
</testsuite> <!-- Default test -->
