<?xml version="1.0" encoding="UTF-8"?>
<!-- Generated by org.testng.reporters.JUnitXMLReporter -->
<testsuite hostname="Navnath" ignored="0" name="Test" tests="5" failures="0" timestamp="03 Nov 2020 14:42:08 GMT" time="69.987" errors="0">
  <testcase name="paraTest" time="15.546" classname="com.orangehrmlive.XmlTest"/>
  <testcase name="paraTest1" time="12.328" classname="com.orangehrmlive.XmlTest2"/>
  <testcase name="adminTest" time="6.052" classname="com.orangehrmlive.TestNGDemo"/>
  <testcase name="leaveTest" time="3.96" classname="com.orangehrmlive.TestNGDemo"/>
  <testcase name="pimTest" time="1.812" classname="com.orangehrmlive.TestNGDemo"/>
</testsuite> <!-- Test -->
