<?xml version="1.0" encoding="UTF-8"?>
<testng-results skipped="0" failed="1" ignored="0" total="10" passed="9">
  <reporter-output>
  </reporter-output>
  <suite name="Command line suite" duration-ms="145755" started-at="2020-12-07T15:46:42Z" finished-at="2020-12-07T15:49:08Z">
    <groups>
      <group name="leave">
        <method signature="GroupTest.leaveModule1()[pri:0, instance:com.orangehrmlive.GroupTest@6bf256fa]" name="leaveModule1" class="com.orangehrmlive.GroupTest"/>
        <method signature="GroupTest.leaveModule2()[pri:0, instance:com.orangehrmlive.GroupTest@6bf256fa]" name="leaveModule2" class="com.orangehrmlive.GroupTest"/>
      </group> <!-- leave -->
      <group name="admin">
        <method signature="GroupTest.adminModule1()[pri:0, instance:com.orangehrmlive.GroupTest@6bf256fa]" name="adminModule1" class="com.orangehrmlive.GroupTest"/>
        <method signature="GroupTest.adminModule2()[pri:0, instance:com.orangehrmlive.GroupTest@6bf256fa]" name="adminModule2" class="com.orangehrmlive.GroupTest"/>
      </group> <!-- admin -->
    </groups>
    <test name="Command line test" duration-ms="145755" started-at="2020-12-07T15:46:42Z" finished-at="2020-12-07T15:49:08Z">
      <class name="com.orangehrmlive.GroupTest">
        <test-method status="PASS" signature="beforeAdminGroup()[pri:0, instance:com.orangehrmlive.GroupTest@6bf256fa]" name="beforeAdminGroup" is-config="true" duration-ms="3" started-at="2020-12-07T15:47:48Z" finished-at="2020-12-07T15:47:48Z">
          <reporter-output>
          </reporter-output>
        </test-method> <!-- beforeAdminGroup -->
        <test-method status="PASS" signature="adminModule1()[pri:0, instance:com.orangehrmlive.GroupTest@6bf256fa]" name="adminModule1" duration-ms="1" started-at="2020-12-07T15:47:48Z" finished-at="2020-12-07T15:47:48Z">
          <reporter-output>
          </reporter-output>
        </test-method> <!-- adminModule1 -->
        <test-method status="PASS" signature="adminModule2()[pri:0, instance:com.orangehrmlive.GroupTest@6bf256fa]" name="adminModule2" duration-ms="1" started-at="2020-12-07T15:47:48Z" finished-at="2020-12-07T15:47:48Z">
          <reporter-output>
          </reporter-output>
        </test-method> <!-- adminModule2 -->
        <test-method status="PASS" signature="leaveModule1()[pri:0, instance:com.orangehrmlive.GroupTest@6bf256fa]" name="leaveModule1" duration-ms="1" started-at="2020-12-07T15:47:48Z" finished-at="2020-12-07T15:47:48Z">
          <reporter-output>
          </reporter-output>
        </test-method> <!-- leaveModule1 -->
        <test-method status="PASS" signature="beforeLeaveGroup()[pri:0, instance:com.orangehrmlive.GroupTest@6bf256fa]" name="beforeLeaveGroup" is-config="true" duration-ms="0" started-at="2020-12-07T15:47:48Z" finished-at="2020-12-07T15:47:48Z">
          <reporter-output>
          </reporter-output>
        </test-method> <!-- beforeLeaveGroup -->
        <test-method status="PASS" signature="leaveModule2()[pri:0, instance:com.orangehrmlive.GroupTest@6bf256fa]" name="leaveModule2" duration-ms="1" started-at="2020-12-07T15:47:48Z" finished-at="2020-12-07T15:47:48Z">
          <reporter-output>
          </reporter-output>
        </test-method> <!-- leaveModule2 -->
      </class> <!-- com.orangehrmlive.GroupTest -->
      <class name="com.orangehrmlive.DataProviderTest">
        <test-method status="PASS" signature="dt(java.lang.String, java.lang.String)[pri:0, instance:com.orangehrmlive.DataProviderTest@1554909b]" name="dt" duration-ms="46110" started-at="2020-12-07T15:46:42Z" data-provider="dpTest" finished-at="2020-12-07T15:47:28Z">
          <params>
            <param index="0">
              <value>
                <![CDATA[test]]>
              </value>
            </param>
            <param index="1">
              <value>
                <![CDATA[test123]]>
              </value>
            </param>
          </params>
          <reporter-output>
          </reporter-output>
        </test-method> <!-- dt -->
        <test-method status="PASS" signature="dt(java.lang.String, java.lang.String)[pri:0, instance:com.orangehrmlive.DataProviderTest@1554909b]" name="dt" duration-ms="19475" started-at="2020-12-07T15:47:28Z" data-provider="dpTest" finished-at="2020-12-07T15:47:48Z">
          <params>
            <param index="0">
              <value>
                <![CDATA[Admin]]>
              </value>
            </param>
            <param index="1">
              <value>
                <![CDATA[admin123]]>
              </value>
            </param>
          </params>
          <reporter-output>
          </reporter-output>
        </test-method> <!-- dt -->
      </class> <!-- com.orangehrmlive.DataProviderTest -->
      <class name="com.orangehrmlive.XmlTest">
        <test-method status="FAIL" signature="paraTest(java.lang.String, java.lang.String)[pri:0, instance:com.orangehrmlive.XmlTest@22f71333]" name="paraTest" duration-ms="0" started-at="2020-12-07T15:49:08Z" finished-at="2020-12-07T15:49:08Z">
          <exception class="org.testng.TestNGException">
            <message>
              <![CDATA[
Parameter 'uname' is required by @Test on method paraTest but has not been marked @Optional or defined
]]>
            </message>
            <full-stacktrace>
              <![CDATA[org.testng.TestNGException: 
Parameter 'uname' is required by @Test on method paraTest but has not been marked @Optional or defined

at org.testng.internal.Parameters.createParams(Parameters.java:290)
at org.testng.internal.Parameters.createParametersForMethod(Parameters.java:359)
at org.testng.internal.Parameters.createParameters(Parameters.java:620)
at org.testng.internal.Parameters.handleParameters(Parameters.java:769)
at org.testng.internal.ParameterHandler.handleParameters(ParameterHandler.java:49)
at org.testng.internal.ParameterHandler.createParameters(ParameterHandler.java:37)
at org.testng.internal.Invoker.invokeTestMethods(Invoker.java:924)
at org.testng.internal.TestMethodWorker.invokeTestMethods(TestMethodWorker.java:125)
at org.testng.internal.TestMethodWorker.run(TestMethodWorker.java:109)
at org.testng.TestRunner.privateRun(TestRunner.java:648)
at org.testng.TestRunner.run(TestRunner.java:505)
at org.testng.SuiteRunner.runTest(SuiteRunner.java:455)
at org.testng.SuiteRunner.runSequentially(SuiteRunner.java:450)
at org.testng.SuiteRunner.privateRun(SuiteRunner.java:415)
at org.testng.SuiteRunner.run(SuiteRunner.java:364)
at org.testng.SuiteRunnerWorker.runSuite(SuiteRunnerWorker.java:52)
at org.testng.SuiteRunnerWorker.run(SuiteRunnerWorker.java:84)
at org.testng.TestNG.runSuitesSequentially(TestNG.java:1208)
at org.testng.TestNG.runSuitesLocally(TestNG.java:1137)
at org.testng.TestNG.runSuites(TestNG.java:1049)
at org.testng.TestNG.run(TestNG.java:1017)
at org.apache.maven.surefire.testng.TestNGExecutor.run(TestNGExecutor.java:77)
at org.apache.maven.surefire.testng.TestNGDirectoryTestSuite.executeMulti(TestNGDirectoryTestSuite.java:159)
at org.apache.maven.surefire.testng.TestNGDirectoryTestSuite.execute(TestNGDirectoryTestSuite.java:99)
at org.apache.maven.surefire.testng.TestNGProvider.invoke(TestNGProvider.java:106)
at sun.reflect.NativeMethodAccessorImpl.invoke0(Native Method)
at sun.reflect.NativeMethodAccessorImpl.invoke(NativeMethodAccessorImpl.java:62)
at sun.reflect.DelegatingMethodAccessorImpl.invoke(DelegatingMethodAccessorImpl.java:43)
at java.lang.reflect.Method.invoke(Method.java:498)
at org.apache.maven.surefire.util.ReflectionUtils.invokeMethodWithArray(ReflectionUtils.java:189)
at org.apache.maven.surefire.booter.ProviderFactory$ProviderProxy.invoke(ProviderFactory.java:165)
at org.apache.maven.surefire.booter.ProviderFactory.invokeProvider(ProviderFactory.java:85)
at org.apache.maven.surefire.booter.ForkedBooter.runSuitesInProcess(ForkedBooter.java:115)
at org.apache.maven.surefire.booter.ForkedBooter.main(ForkedBooter.java:75)
]]>
            </full-stacktrace>
          </exception> <!-- org.testng.TestNGException -->
          <reporter-output>
          </reporter-output>
        </test-method> <!-- paraTest -->
      </class> <!-- com.orangehrmlive.XmlTest -->
      <class name="com.orangehrmlive.TestNGDemo">
        <test-method status="PASS" signature="openBrowser()[pri:0, instance:com.orangehrmlive.TestNGDemo@6cd8737]" name="openBrowser" is-config="true" duration-ms="31260" started-at="2020-12-07T15:47:48Z" finished-at="2020-12-07T15:48:19Z">
          <reporter-output>
          </reporter-output>
        </test-method> <!-- openBrowser -->
        <test-method status="PASS" signature="login()[pri:0, instance:com.orangehrmlive.TestNGDemo@6cd8737]" name="login" is-config="true" duration-ms="11681" started-at="2020-12-07T15:48:19Z" finished-at="2020-12-07T15:48:31Z">
          <reporter-output>
          </reporter-output>
        </test-method> <!-- login -->
        <test-method status="PASS" signature="adminTest()[pri:0, instance:com.orangehrmlive.TestNGDemo@6cd8737]" name="adminTest" duration-ms="3159" started-at="2020-12-07T15:48:31Z" finished-at="2020-12-07T15:48:34Z">
          <reporter-output>
          </reporter-output>
        </test-method> <!-- adminTest -->
        <test-method status="PASS" signature="logout()[pri:0, instance:com.orangehrmlive.TestNGDemo@6cd8737]" name="logout" is-config="true" duration-ms="2543" started-at="2020-12-07T15:48:34Z" finished-at="2020-12-07T15:48:37Z">
          <reporter-output>
          </reporter-output>
        </test-method> <!-- logout -->
        <test-method status="PASS" signature="login()[pri:0, instance:com.orangehrmlive.TestNGDemo@6cd8737]" name="login" is-config="true" duration-ms="7814" started-at="2020-12-07T15:48:37Z" finished-at="2020-12-07T15:48:44Z">
          <reporter-output>
          </reporter-output>
        </test-method> <!-- login -->
        <test-method status="PASS" signature="leaveTest()[pri:0, instance:com.orangehrmlive.TestNGDemo@6cd8737]" name="leaveTest" duration-ms="8967" started-at="2020-12-07T15:48:44Z" finished-at="2020-12-07T15:48:53Z">
          <reporter-output>
          </reporter-output>
        </test-method> <!-- leaveTest -->
        <test-method status="PASS" signature="logout()[pri:0, instance:com.orangehrmlive.TestNGDemo@6cd8737]" name="logout" is-config="true" duration-ms="3366" started-at="2020-12-07T15:48:53Z" finished-at="2020-12-07T15:48:57Z">
          <reporter-output>
          </reporter-output>
        </test-method> <!-- logout -->
        <test-method status="PASS" signature="login()[pri:0, instance:com.orangehrmlive.TestNGDemo@6cd8737]" name="login" is-config="true" duration-ms="5587" started-at="2020-12-07T15:48:57Z" finished-at="2020-12-07T15:49:02Z">
          <reporter-output>
          </reporter-output>
        </test-method> <!-- login -->
        <test-method status="PASS" signature="pimTest()[pri:0, instance:com.orangehrmlive.TestNGDemo@6cd8737]" name="pimTest" duration-ms="2304" started-at="2020-12-07T15:49:02Z" finished-at="2020-12-07T15:49:05Z">
          <reporter-output>
          </reporter-output>
        </test-method> <!-- pimTest -->
        <test-method status="PASS" signature="logout()[pri:0, instance:com.orangehrmlive.TestNGDemo@6cd8737]" name="logout" is-config="true" duration-ms="2089" started-at="2020-12-07T15:49:05Z" finished-at="2020-12-07T15:49:07Z">
          <reporter-output>
          </reporter-output>
        </test-method> <!-- logout -->
        <test-method status="PASS" signature="CloseBrowser()[pri:0, instance:com.orangehrmlive.TestNGDemo@6cd8737]" name="CloseBrowser" is-config="true" duration-ms="1031" started-at="2020-12-07T15:49:07Z" finished-at="2020-12-07T15:49:08Z">
          <reporter-output>
          </reporter-output>
        </test-method> <!-- CloseBrowser -->
      </class> <!-- com.orangehrmlive.TestNGDemo -->
    </test> <!-- Command line test -->
  </suite> <!-- Command line suite -->
</testng-results>
