<?xml version="1.0" encoding="UTF-8"?>
<testng-results skipped="0" failed="0" ignored="0" total="4" passed="4">
  <reporter-output>
  </reporter-output>
  <suite name="Default suite" duration-ms="168" started-at="2020-11-03T15:09:08Z" finished-at="2020-11-03T15:09:08Z">
    <groups>
      <group name="leave">
        <method signature="GroupTest.leaveModule1()[pri:0, instance:com.orangehrmlive.GroupTest@8bd1b6a]" name="leaveModule1" class="com.orangehrmlive.GroupTest"/>
        <method signature="GroupTest.leaveModule2()[pri:0, instance:com.orangehrmlive.GroupTest@8bd1b6a]" name="leaveModule2" class="com.orangehrmlive.GroupTest"/>
      </group> <!-- leave -->
      <group name="admin">
        <method signature="GroupTest.adminModule1()[pri:0, instance:com.orangehrmlive.GroupTest@8bd1b6a]" name="adminModule1" class="com.orangehrmlive.GroupTest"/>
        <method signature="GroupTest.adminModule2()[pri:0, instance:com.orangehrmlive.GroupTest@8bd1b6a]" name="adminModule2" class="com.orangehrmlive.GroupTest"/>
      </group> <!-- admin -->
    </groups>
    <test name="Default test" duration-ms="168" started-at="2020-11-03T15:09:08Z" finished-at="2020-11-03T15:09:08Z">
      <class name="com.orangehrmlive.GroupTest">
        <test-method status="PASS" signature="beforeAdminGroup()[pri:0, instance:com.orangehrmlive.GroupTest@8bd1b6a]" name="beforeAdminGroup" is-config="true" duration-ms="15" started-at="2020-11-03T15:09:08Z" finished-at="2020-11-03T15:09:08Z">
          <reporter-output>
          </reporter-output>
        </test-method> <!-- beforeAdminGroup -->
        <test-method status="PASS" signature="adminModule1()[pri:0, instance:com.orangehrmlive.GroupTest@8bd1b6a]" name="adminModule1" duration-ms="12" started-at="2020-11-03T15:09:08Z" finished-at="2020-11-03T15:09:08Z">
          <reporter-output>
          </reporter-output>
        </test-method> <!-- adminModule1 -->
        <test-method status="PASS" signature="adminModule2()[pri:0, instance:com.orangehrmlive.GroupTest@8bd1b6a]" name="adminModule2" duration-ms="12" started-at="2020-11-03T15:09:08Z" finished-at="2020-11-03T15:09:08Z">
          <reporter-output>
          </reporter-output>
        </test-method> <!-- adminModule2 -->
        <test-method status="PASS" signature="beforeLeaveGroup()[pri:0, instance:com.orangehrmlive.GroupTest@8bd1b6a]" name="beforeLeaveGroup" is-config="true" duration-ms="1" started-at="2020-11-03T15:09:08Z" finished-at="2020-11-03T15:09:08Z">
          <reporter-output>
          </reporter-output>
        </test-method> <!-- beforeLeaveGroup -->
        <test-method status="PASS" signature="leaveModule1()[pri:0, instance:com.orangehrmlive.GroupTest@8bd1b6a]" name="leaveModule1" duration-ms="16" started-at="2020-11-03T15:09:08Z" finished-at="2020-11-03T15:09:08Z">
          <reporter-output>
          </reporter-output>
        </test-method> <!-- leaveModule1 -->
        <test-method status="PASS" signature="leaveModule2()[pri:0, instance:com.orangehrmlive.GroupTest@8bd1b6a]" name="leaveModule2" duration-ms="5" started-at="2020-11-03T15:09:08Z" finished-at="2020-11-03T15:09:08Z">
          <reporter-output>
          </reporter-output>
        </test-method> <!-- leaveModule2 -->
      </class> <!-- com.orangehrmlive.GroupTest -->
    </test> <!-- Default test -->
  </suite> <!-- Default suite -->
</testng-results>
